<?xml version="1.0" encoding="UTF-8"?>
<!-- Generated by org.testng.reporters.JUnitReportReporter -->
<testsuite skipped="0" hostname="Seriks-MacBook-Pro.local" name="com.app.runners.CukesRunner" tests="1" failures="0" timestamp="22 Jun 2018 01:41:58 GMT" time="15.885" errors="0">
  <testcase name="runScenario" time="15.885" classname="com.app.runners.CukesRunner"/>
</testsuite> <!-- com.app.runners.CukesRunner -->
